Using pre-set license
Built from '2020.3/china_unity/release' branch; Version is '2020.3.6f1c1 (c884b0ebb9b3) revision 13141168'; Using compiler version '192528614'; Build Type 'Release'
OS: 'Windows 10 Pro; OS build 19042.928; Version 2009; 64bit' Language: 'zh' Physical Memory: 16299 MB
BatchMode: 1, IsHumanControllingUs: 0, StartBugReporterOnCrash: 0, Is64bit: 1, IsPro: 0

 COMMAND LINE ARGUMENTS:
C:\Program Files\Unity\Hub\Editor\2020.3.6f1c1\Editor\Unity.exe
-adb2
-batchMode
-noUpm
-name
AssetImportWorker0
-projectPath
E:/Develop/TowerDefense
-logFile
Logs/AssetImportWorker0.log
-srvPort
23603
Successfully changed project path to: E:/Develop/TowerDefense
E:/Develop/TowerDefense
Using Asset Import Pipeline V2.
Refreshing native plugins compatible for Editor in 19.78 ms, found 0 plugins.
Preloading 0 native plugins for Editor in 0.00 ms.
Initialize engine version: 2020.3.6f1c1 (c884b0ebb9b3)
[Subsystems] Discovering subsystems at path C:/Program Files/Unity/Hub/Editor/2020.3.6f1c1/Editor/Data/Resources/UnitySubsystems
[Subsystems] Discovering subsystems at path E:/Develop/TowerDefense/Assets
GfxDevice: creating device client; threaded=0
Direct3D:
    Version:  Direct3D 11.0 [level 11.1]
    Renderer: Radeon RX 580 Series (ID=0x67df)
    Vendor:   
    VRAM:     8171 MB
    Driver:   27.20.21002.112
Initialize mono
Mono path[0] = 'C:/Program Files/Unity/Hub/Editor/2020.3.6f1c1/Editor/Data/Managed'
Mono path[1] = 'C:/Program Files/Unity/Hub/Editor/2020.3.6f1c1/Editor/Data/MonoBleedingEdge/lib/mono/unityjit'
Mono config path = 'C:/Program Files/Unity/Hub/Editor/2020.3.6f1c1/Editor/Data/MonoBleedingEdge/etc'
Using monoOptions --debugger-agent=transport=dt_socket,embedding=1,server=y,suspend=n,address=127.0.0.1:56488
Begin MonoManager ReloadAssembly
Registering precompiled unity dll's ...
Register platform support module: C:/Program Files/Unity/Hub/Editor/2020.3.6f1c1/Editor/Data/PlaybackEngines/WindowsStandaloneSupport/UnityEditor.WindowsStandalone.Extensions.dll
Registered in 0.001678 seconds.
Native extension for WindowsStandalone target not found
Refreshing native plugins compatible for Editor in 21.27 ms, found 0 plugins.
Preloading 0 native plugins for Editor in 0.00 ms.
Mono: successfully reloaded assembly
- Completed reload, in  1.474 seconds
Platform modules already initialized, skipping
Registering precompiled user dll's ...
Registered in 0.000417 seconds.
Begin MonoManager ReloadAssembly
Native extension for WindowsStandalone target not found
Refreshing native plugins compatible for Editor in 0.19 ms, found 0 plugins.
Preloading 0 native plugins for Editor in 0.00 ms.
Mono: successfully reloaded assembly
- Completed reload, in  0.790 seconds
Platform modules already initialized, skipping
========================================================================
Worker process is ready to serve import requests
Launched and connected shader compiler UnityShaderCompiler.exe after 0.04 seconds
Refreshing native plugins compatible for Editor in 0.19 ms, found 0 plugins.
Preloading 0 native plugins for Editor in 0.00 ms.
Unloading 1115 Unused Serialized files (Serialized files now loaded: 0)
System memory in use before: 59.4 MB.
System memory in use after: 59.5 MB.

Unloading 9 unused Assets to reduce memory usage. Loaded Objects now: 1558.
Total: 1.700400 ms (FindLiveObjects: 0.153900 ms CreateObjectMapping: 0.038300 ms MarkObjects: 1.457400 ms  DeleteObjects: 0.049400 ms)

========================================================================
Received Import Request.
  path: Assets/Scripts
  artifactKey: Guid(5afa3310495a31e41ae796eff4ba3c7e) Importer(815301076,1909f56bfc062723c751e8b465ee728b)
Start importing Assets/Scripts using Guid(5afa3310495a31e41ae796eff4ba3c7e) Importer(815301076,1909f56bfc062723c751e8b465ee728b)  -> (artifact id: '202af9587b6062a4ca07fdb32db2cde4') in 0.002681 seconds
  Import took 0.004250 seconds .

========================================================================
Received Import Request.
  Time since last request: 1.018423 seconds.
  path: Assets/Scenes
  artifactKey: Guid(6bc588a73f1a01f45b50cce27389774e) Importer(815301076,1909f56bfc062723c751e8b465ee728b)
Start importing Assets/Scenes using Guid(6bc588a73f1a01f45b50cce27389774e) Importer(815301076,1909f56bfc062723c751e8b465ee728b)  -> (artifact id: '7e0794aa0f69c95b8c0de292a916f3c1') in 0.001142 seconds
  Import took 0.002694 seconds .

========================================================================
Received Import Request.
  Time since last request: 9.140353 seconds.
  path: Assets/Scripts/GameBoard.cs
  artifactKey: Guid(278a7c6d46d0e9f4faa35838cc695517) Importer(815301076,1909f56bfc062723c751e8b465ee728b)
Start importing Assets/Scripts/GameBoard.cs using Guid(278a7c6d46d0e9f4faa35838cc695517) Importer(815301076,1909f56bfc062723c751e8b465ee728b)  -> (artifact id: '1cd27fe12b88e6e55a1c54b134567a72') in 0.027023 seconds
  Import took 0.028611 seconds .

========================================================================
Received Import Request.
  Time since last request: 0.091092 seconds.
  path: Assets/Scripts/GameBoard.cs
  artifactKey: Guid(278a7c6d46d0e9f4faa35838cc695517) Importer(815301076,1909f56bfc062723c751e8b465ee728b)
Start importing Assets/Scripts/GameBoard.cs using Guid(278a7c6d46d0e9f4faa35838cc695517) Importer(815301076,1909f56bfc062723c751e8b465ee728b)  -> (artifact id: '1cd27fe12b88e6e55a1c54b134567a72') in 0.002152 seconds
  Import took 0.005065 seconds .

========================================================================
Received Prepare
Registering precompiled user dll's ...
Registered in 0.000326 seconds.
Begin MonoManager ReloadAssembly
Native extension for WindowsStandalone target not found
Refreshing native plugins compatible for Editor in 0.18 ms, found 0 plugins.
Preloading 0 native plugins for Editor in 0.00 ms.
Mono: successfully reloaded assembly
- Completed reload, in  0.720 seconds
Platform modules already initialized, skipping
Refreshing native plugins compatible for Editor in 0.17 ms, found 0 plugins.
Preloading 0 native plugins for Editor in 0.00 ms.
Unloading 1110 Unused Serialized files (Serialized files now loaded: 0)
System memory in use before: 59.3 MB.
System memory in use after: 59.4 MB.

Unloading 4 unused Assets to reduce memory usage. Loaded Objects now: 1562.
Total: 1.583600 ms (FindLiveObjects: 0.135300 ms CreateObjectMapping: 0.030900 ms MarkObjects: 1.403600 ms  DeleteObjects: 0.012900 ms)

========================================================================
Received Prepare
Registering precompiled user dll's ...
Registered in 0.000408 seconds.
Begin MonoManager ReloadAssembly
Native extension for WindowsStandalone target not found
Refreshing native plugins compatible for Editor in 0.22 ms, found 0 plugins.
Preloading 0 native plugins for Editor in 0.00 ms.
Mono: successfully reloaded assembly
- Completed reload, in  0.721 seconds
Platform modules already initialized, skipping
Refreshing native plugins compatible for Editor in 0.18 ms, found 0 plugins.
Preloading 0 native plugins for Editor in 0.00 ms.
Unloading 1110 Unused Serialized files (Serialized files now loaded: 0)
System memory in use before: 59.3 MB.
System memory in use after: 59.4 MB.

Unloading 4 unused Assets to reduce memory usage. Loaded Objects now: 1565.
Total: 1.592000 ms (FindLiveObjects: 0.157600 ms CreateObjectMapping: 0.033400 ms MarkObjects: 1.386400 ms  DeleteObjects: 0.013300 ms)

========================================================================
Received Import Request.
  Time since last request: 127.138094 seconds.
  path: Assets/Scripts/GameBoard.cs
  artifactKey: Guid(278a7c6d46d0e9f4faa35838cc695517) Importer(815301076,1909f56bfc062723c751e8b465ee728b)
Start importing Assets/Scripts/GameBoard.cs using Guid(278a7c6d46d0e9f4faa35838cc695517) Importer(815301076,1909f56bfc062723c751e8b465ee728b)  -> (artifact id: '1dbfd74631b4d3d6ad9fc457b1d4a65c') in 0.002778 seconds
  Import took 0.004465 seconds .

========================================================================
Received Import Request.
  Time since last request: 432.436589 seconds.
  path: Assets
  artifactKey: Guid(00000000000000001000000000000000) Importer(815301076,1909f56bfc062723c751e8b465ee728b)
Start importing Assets using Guid(00000000000000001000000000000000) Importer(815301076,1909f56bfc062723c751e8b465ee728b)  -> (artifact id: 'bb33029716dcbeb1d11732f01d0b95ff') in 0.001497 seconds
  Import took 0.003139 seconds .

========================================================================
Received Import Request.
  Time since last request: 5.145197 seconds.
  path: Assets/Art
  artifactKey: Guid(841214cf7b4ecc849bcde7fb35a8fc62) Importer(815301076,1909f56bfc062723c751e8b465ee728b)
Start importing Assets/Art using Guid(841214cf7b4ecc849bcde7fb35a8fc62) Importer(815301076,1909f56bfc062723c751e8b465ee728b)  -> (artifact id: '5f3e4f84fc0da6868e011e683a86cdb8') in 0.001229 seconds
  Import took 0.002906 seconds .

========================================================================
Received Import Request.
  Time since last request: 33.697077 seconds.
  path: Assets/Scripts/Game.cs
  artifactKey: Guid(5796158199fb5cb40bc18566de609818) Importer(815301076,1909f56bfc062723c751e8b465ee728b)
Start importing Assets/Scripts/Game.cs using Guid(5796158199fb5cb40bc18566de609818) Importer(815301076,1909f56bfc062723c751e8b465ee728b)  -> (artifact id: '302cc99a5f370c760f3e7c6f66cf6fa0') in 0.001661 seconds
  Import took 0.003520 seconds .

========================================================================
Received Prepare
Registering precompiled user dll's ...
Registered in 0.000367 seconds.
Begin MonoManager ReloadAssembly
Native extension for WindowsStandalone target not found
Refreshing native plugins compatible for Editor in 0.19 ms, found 0 plugins.
Preloading 0 native plugins for Editor in 0.00 ms.
Mono: successfully reloaded assembly
- Completed reload, in  0.772 seconds
Platform modules already initialized, skipping
Refreshing native plugins compatible for Editor in 0.18 ms, found 0 plugins.
Preloading 0 native plugins for Editor in 0.00 ms.
Unloading 1111 Unused Serialized files (Serialized files now loaded: 0)
System memory in use before: 59.3 MB.
System memory in use after: 59.4 MB.

Unloading 4 unused Assets to reduce memory usage. Loaded Objects now: 1569.
Total: 5.804300 ms (FindLiveObjects: 0.401100 ms CreateObjectMapping: 0.132900 ms MarkObjects: 5.217900 ms  DeleteObjects: 0.046900 ms)

========================================================================
Received Prepare
Registering precompiled user dll's ...
Registered in 0.000430 seconds.
Begin MonoManager ReloadAssembly
Native extension for WindowsStandalone target not found
Refreshing native plugins compatible for Editor in 0.19 ms, found 0 plugins.
Preloading 0 native plugins for Editor in 0.00 ms.
Mono: successfully reloaded assembly
- Completed reload, in  0.725 seconds
Platform modules already initialized, skipping
Refreshing native plugins compatible for Editor in 0.19 ms, found 0 plugins.
Preloading 0 native plugins for Editor in 0.00 ms.
Unloading 1111 Unused Serialized files (Serialized files now loaded: 0)
System memory in use before: 59.3 MB.
System memory in use after: 59.4 MB.

Unloading 4 unused Assets to reduce memory usage. Loaded Objects now: 1572.
Total: 1.521600 ms (FindLiveObjects: 0.114100 ms CreateObjectMapping: 0.030900 ms MarkObjects: 1.364000 ms  DeleteObjects: 0.011900 ms)

========================================================================
Received Import Request.
  Time since last request: 208.298352 seconds.
  path: Assets/Scripts/Game.cs
  artifactKey: Guid(5796158199fb5cb40bc18566de609818) Importer(815301076,1909f56bfc062723c751e8b465ee728b)
Start importing Assets/Scripts/Game.cs using Guid(5796158199fb5cb40bc18566de609818) Importer(815301076,1909f56bfc062723c751e8b465ee728b)  -> (artifact id: '081d8c6ab0de65fdad19aac52705fa1b') in 0.002720 seconds
  Import took 0.004228 seconds .

========================================================================
Received Prepare
Registering precompiled user dll's ...
Registered in 0.000357 seconds.
Begin MonoManager ReloadAssembly
Native extension for WindowsStandalone target not found
Refreshing native plugins compatible for Editor in 0.19 ms, found 0 plugins.
Preloading 0 native plugins for Editor in 0.00 ms.
Mono: successfully reloaded assembly
- Completed reload, in  0.718 seconds
Platform modules already initialized, skipping
Refreshing native plugins compatible for Editor in 0.17 ms, found 0 plugins.
Preloading 0 native plugins for Editor in 0.00 ms.
Unloading 1111 Unused Serialized files (Serialized files now loaded: 0)
System memory in use before: 59.4 MB.
System memory in use after: 59.5 MB.

Unloading 4 unused Assets to reduce memory usage. Loaded Objects now: 1575.
Total: 1.612600 ms (FindLiveObjects: 0.121700 ms CreateObjectMapping: 0.032300 ms MarkObjects: 1.443900 ms  DeleteObjects: 0.013600 ms)

